<?xml version="1.0" encoding="UTF-8"?>
<coverage generated="1575472977075" clover="3.2.0">
  <project timestamp="1575472977075" name="All files">
    <metrics statements="17" coveredstatements="17" conditionals="6" coveredconditionals="6" methods="9" coveredmethods="9" elements="32" coveredelements="32" complexity="0" loc="17" ncloc="17" packages="2" files="2" classes="2"/>
    <package name="codewars.alpha-numeric-sorting">
      <metrics statements="5" coveredstatements="5" conditionals="0" coveredconditionals="0" methods="3" coveredmethods="3"/>
      <file name="alpha-numeric-sorting.ts" path="/media/nischal/Ubuntu/leapfrog/typescript-practice/src/codewars/alpha-numeric-sorting/alpha-numeric-sorting.ts">
        <metrics statements="5" coveredstatements="5" conditionals="0" coveredconditionals="0" methods="3" coveredmethods="3"/>
        <line num="1" count="1" type="stmt"/>
        <line num="2" count="1" type="stmt"/>
        <line num="3" count="3" type="stmt"/>
        <line num="5" count="18" type="stmt"/>
        <line num="8" count="1" type="stmt"/>
      </file>
    </package>
    <package name="hackerrank.birthday-candle">
      <metrics statements="12" coveredstatements="12" conditionals="6" coveredconditionals="6" methods="6" coveredmethods="6"/>
      <file name="birthday-candle.ts" path="/media/nischal/Ubuntu/leapfrog/typescript-practice/src/hackerrank/birthday-candle/birthday-candle.ts">
        <metrics statements="12" coveredstatements="12" conditionals="6" coveredconditionals="6" methods="6" coveredmethods="6"/>
        <line num="1" count="1" type="stmt"/>
        <line num="3" count="2" type="stmt"/>
        <line num="4" count="2" type="cond" truecount="2" falsecount="0"/>
        <line num="5" count="1" type="stmt"/>
        <line num="6" count="10" type="stmt"/>
        <line num="9" count="1" type="stmt"/>
        <line num="13" count="1" type="stmt"/>
        <line num="14" count="4" type="stmt"/>
        <line num="17" count="1" type="stmt"/>
        <line num="18" count="110" type="cond" truecount="2" falsecount="0"/>
        <line num="21" count="100" type="cond" truecount="2" falsecount="0"/>
        <line num="22" count="1" type="stmt"/>
      </file>
    </package>
  </project>
</coverage>
