{"/media/nischal/Ubuntu/leapfrog/typescript-practice/src/codewars/alpha-numeric-sorting/alpha-numeric-sorting.ts": {"path":"/media/nischal/Ubuntu/leapfrog/typescript-practice/src/codewars/alpha-numeric-sorting/alpha-numeric-sorting.ts","statementMap":{"0":{"start":{"line":1,"column":0},"end":{"line":1,"column":13}},"1":{"start":{"line":2,"column":4},"end":{"line":7,"column":null}},"2":{"start":{"line":3,"column":8},"end":{"line":6,"column":25}},"3":{"start":{"line":5,"column":16},"end":{"line":5,"column":77}},"4":{"start":{"line":8,"column":0},"end":{"line":8,"column":null}},"5":{"start":{"line":1,"column":13},"end":{"line":1,"column":32}}},"fnMap":{"0":{"name":"(anonymous_0)","decl":{"start":{"line":1,"column":0},"end":{"line":1,"column":13}},"loc":{"start":{"line":1,"column":0},"end":{"line":8,"column":null}}},"1":{"name":"(anonymous_2)","decl":{"start":{"line":2,"column":4},"end":{"line":2,"column":8}},"loc":{"start":{"line":2,"column":25},"end":{"line":7,"column":5}}},"2":{"name":"(anonymous_3)","decl":{"start":{"line":4,"column":18},"end":{"line":4,"column":19}},"loc":{"start":{"line":4,"column":33},"end":{"line":6,"column":13}}}},"branchMap":{},"s":{"0":1,"1":1,"2":3,"3":18,"4":1,"5":1},"f":{"0":2,"1":3,"2":18},"b":{}}
,"/media/nischal/Ubuntu/leapfrog/typescript-practice/src/hackerrank/birthday-candle/birthday-candle.ts": {"path":"/media/nischal/Ubuntu/leapfrog/typescript-practice/src/hackerrank/birthday-candle/birthday-candle.ts","statementMap":{"0":{"start":{"line":1,"column":0},"end":{"line":1,"column":13}},"1":{"start":{"line":21,"column":4},"end":{"line":21,"column":68}},"2":{"start":{"line":21,"column":50},"end":{"line":21,"column":68}},"3":{"start":{"line":3,"column":4},"end":{"line":11,"column":null}},"4":{"start":{"line":3,"column":4},"end":{"line":3,"column":27}},"5":{"start":{"line":4,"column":8},"end":{"line":10,"column":null}},"6":{"start":{"line":5,"column":12},"end":{"line":7,"column":22}},"7":{"start":{"line":6,"column":16},"end":{"line":6,"column":82}},"8":{"start":{"line":9,"column":12},"end":{"line":9,"column":61}},"9":{"start":{"line":13,"column":4},"end":{"line":15,"column":null}},"10":{"start":{"line":14,"column":8},"end":{"line":14,"column":38}},"11":{"start":{"line":17,"column":4},"end":{"line":19,"column":null}},"12":{"start":{"line":18,"column":8},"end":{"line":18,"column":115}},"13":{"start":{"line":22,"column":0},"end":{"line":22,"column":null}},"14":{"start":{"line":1,"column":13},"end":{"line":1,"column":27}}},"fnMap":{"0":{"name":"(anonymous_0)","decl":{"start":{"line":1,"column":0},"end":{"line":1,"column":13}},"loc":{"start":{"line":1,"column":0},"end":{"line":22,"column":null}}},"1":{"name":"(anonymous_2)","decl":{"start":{"line":21,"column":14},"end":{"line":21,"column":15}},"loc":{"start":{"line":21,"column":37},"end":{"line":21,"column":52}}},"2":{"name":"(anonymous_3)","decl":{"start":{"line":3,"column":4},"end":{"line":3,"column":27}},"loc":{"start":{"line":3,"column":58},"end":{"line":11,"column":5}}},"3":{"name":"(anonymous_4)","decl":{"start":{"line":5,"column":34},"end":{"line":5,"column":35}},"loc":{"start":{"line":5,"column":35},"end":{"line":7,"column":13}}},"4":{"name":"(anonymous_5)","decl":{"start":{"line":13,"column":4},"end":{"line":13,"column":22}},"loc":{"start":{"line":13,"column":53},"end":{"line":15,"column":5}}},"5":{"name":"(anonymous_6)","decl":{"start":{"line":17,"column":4},"end":{"line":17,"column":26}},"loc":{"start":{"line":17,"column":56},"end":{"line":19,"column":5}}}},"branchMap":{"0":{"loc":{"start":{"line":21,"column":60},"end":{"line":21,"column":62}},"type":"cond-expr","locations":[{"start":{"line":21,"column":60},"end":{"line":21,"column":62}},{"start":{"line":21,"column":65},"end":{"line":21,"column":67}}]},"1":{"loc":{"start":{"line":4,"column":8},"end":{"line":10,"column":null}},"type":"if","locations":[{"start":{"line":4,"column":8},"end":{"line":10,"column":null}},{"start":{"line":4,"column":8},"end":{"line":10,"column":null}}]},"2":{"loc":{"start":{"line":18,"column":30},"end":{"line":18,"column":36}},"type":"cond-expr","locations":[{"start":{"line":18,"column":30},"end":{"line":18,"column":36}},{"start":{"line":18,"column":39},"end":{"line":18,"column":114}}]}},"s":{"0":1,"1":5,"2":100,"3":1,"4":2,"5":2,"6":1,"7":10,"8":1,"9":1,"10":4,"11":1,"12":110,"13":1,"14":1},"f":{"0":6,"1":100,"2":2,"3":10,"4":4,"5":110},"b":{"0":[12,88],"1":[1,1],"2":[11,99]}}
}
