{"/home/saroj/projects/web/ase/typescript-practice/src/nischal/codewars/alpha-numeric-sorting/alpha-numeric-sorting.ts": {"path":"/home/saroj/projects/web/ase/typescript-practice/src/nischal/codewars/alpha-numeric-sorting/alpha-numeric-sorting.ts","statementMap":{"0":{"start":{"line":1,"column":0},"end":{"line":1,"column":13}},"1":{"start":{"line":2,"column":4},"end":{"line":7,"column":null}},"2":{"start":{"line":3,"column":8},"end":{"line":6,"column":25}},"3":{"start":{"line":5,"column":16},"end":{"line":5,"column":77}},"4":{"start":{"line":8,"column":0},"end":{"line":8,"column":null}},"5":{"start":{"line":1,"column":13},"end":{"line":1,"column":32}}},"fnMap":{"0":{"name":"(anonymous_0)","decl":{"start":{"line":1,"column":0},"end":{"line":1,"column":13}},"loc":{"start":{"line":1,"column":0},"end":{"line":8,"column":null}}},"1":{"name":"(anonymous_2)","decl":{"start":{"line":2,"column":4},"end":{"line":2,"column":8}},"loc":{"start":{"line":2,"column":25},"end":{"line":7,"column":5}}},"2":{"name":"(anonymous_3)","decl":{"start":{"line":4,"column":18},"end":{"line":4,"column":19}},"loc":{"start":{"line":4,"column":33},"end":{"line":6,"column":13}}}},"branchMap":{},"s":{"0":1,"1":1,"2":3,"3":18,"4":1,"5":1},"f":{"0":2,"1":3,"2":18},"b":{}}
,"/home/saroj/projects/web/ase/typescript-practice/src/nischal/hackerrank/birthday-candle/birthday-candle.ts": {"path":"/home/saroj/projects/web/ase/typescript-practice/src/nischal/hackerrank/birthday-candle/birthday-candle.ts","statementMap":{"0":{"start":{"line":1,"column":0},"end":{"line":1,"column":13}},"1":{"start":{"line":21,"column":4},"end":{"line":21,"column":68}},"2":{"start":{"line":21,"column":50},"end":{"line":21,"column":68}},"3":{"start":{"line":3,"column":4},"end":{"line":11,"column":null}},"4":{"start":{"line":3,"column":4},"end":{"line":3,"column":27}},"5":{"start":{"line":4,"column":8},"end":{"line":10,"column":null}},"6":{"start":{"line":5,"column":12},"end":{"line":7,"column":22}},"7":{"start":{"line":6,"column":16},"end":{"line":6,"column":82}},"8":{"start":{"line":9,"column":12},"end":{"line":9,"column":61}},"9":{"start":{"line":13,"column":4},"end":{"line":15,"column":null}},"10":{"start":{"line":14,"column":8},"end":{"line":14,"column":38}},"11":{"start":{"line":17,"column":4},"end":{"line":19,"column":null}},"12":{"start":{"line":18,"column":8},"end":{"line":18,"column":115}},"13":{"start":{"line":22,"column":0},"end":{"line":22,"column":null}},"14":{"start":{"line":1,"column":13},"end":{"line":1,"column":27}}},"fnMap":{"0":{"name":"(anonymous_0)","decl":{"start":{"line":1,"column":0},"end":{"line":1,"column":13}},"loc":{"start":{"line":1,"column":0},"end":{"line":22,"column":null}}},"1":{"name":"(anonymous_2)","decl":{"start":{"line":21,"column":14},"end":{"line":21,"column":15}},"loc":{"start":{"line":21,"column":37},"end":{"line":21,"column":52}}},"2":{"name":"(anonymous_3)","decl":{"start":{"line":3,"column":4},"end":{"line":3,"column":27}},"loc":{"start":{"line":3,"column":58},"end":{"line":11,"column":5}}},"3":{"name":"(anonymous_4)","decl":{"start":{"line":5,"column":34},"end":{"line":5,"column":35}},"loc":{"start":{"line":5,"column":35},"end":{"line":7,"column":13}}},"4":{"name":"(anonymous_5)","decl":{"start":{"line":13,"column":4},"end":{"line":13,"column":22}},"loc":{"start":{"line":13,"column":53},"end":{"line":15,"column":5}}},"5":{"name":"(anonymous_6)","decl":{"start":{"line":17,"column":4},"end":{"line":17,"column":26}},"loc":{"start":{"line":17,"column":56},"end":{"line":19,"column":5}}}},"branchMap":{"0":{"loc":{"start":{"line":21,"column":60},"end":{"line":21,"column":62}},"type":"cond-expr","locations":[{"start":{"line":21,"column":60},"end":{"line":21,"column":62}},{"start":{"line":21,"column":65},"end":{"line":21,"column":67}}]},"1":{"loc":{"start":{"line":4,"column":8},"end":{"line":10,"column":null}},"type":"if","locations":[{"start":{"line":4,"column":8},"end":{"line":10,"column":null}},{"start":{"line":4,"column":8},"end":{"line":10,"column":null}}]},"2":{"loc":{"start":{"line":18,"column":30},"end":{"line":18,"column":36}},"type":"cond-expr","locations":[{"start":{"line":18,"column":30},"end":{"line":18,"column":36}},{"start":{"line":18,"column":39},"end":{"line":18,"column":114}}]}},"s":{"0":1,"1":5,"2":100,"3":1,"4":2,"5":2,"6":1,"7":10,"8":1,"9":1,"10":4,"11":1,"12":110,"13":1,"14":1},"f":{"0":6,"1":100,"2":2,"3":10,"4":4,"5":110},"b":{"0":[12,88],"1":[1,1],"2":[11,99]}}
,"/home/saroj/projects/web/ase/typescript-practice/src/saroj/dsa/Map.ts": {"path":"/home/saroj/projects/web/ase/typescript-practice/src/saroj/dsa/Map.ts","statementMap":{"0":{"start":{"line":1,"column":0},"end":{"line":1,"column":null}},"1":{"start":{"line":3,"column":12},"end":{"line":3,"column":33}},"2":{"start":{"line":4,"column":12},"end":{"line":4,"column":34}},"3":{"start":{"line":6,"column":11},"end":{"line":14,"column":null}},"4":{"start":{"line":7,"column":8},"end":{"line":10,"column":null}},"5":{"start":{"line":8,"column":12},"end":{"line":8,"column":60}},"6":{"start":{"line":9,"column":12},"end":{"line":9,"column":24}},"7":{"start":{"line":11,"column":8},"end":{"line":11,"column":28}},"8":{"start":{"line":12,"column":8},"end":{"line":12,"column":32}},"9":{"start":{"line":13,"column":8},"end":{"line":13,"column":20}},"10":{"start":{"line":16,"column":11},"end":{"line":18,"column":null}},"11":{"start":{"line":17,"column":8},"end":{"line":17,"column":51}},"12":{"start":{"line":20,"column":11},"end":{"line":22,"column":null}},"13":{"start":{"line":21,"column":8},"end":{"line":21,"column":50}},"14":{"start":{"line":24,"column":0},"end":{"line":24,"column":null}}},"fnMap":{"0":{"name":"(anonymous_0)","decl":{"start":{"line":1,"column":0},"end":{"line":1,"column":null}},"loc":{"start":{"line":1,"column":0},"end":{"line":24,"column":null}}},"1":{"name":"(anonymous_2)","decl":{"start":{"line":6,"column":4},"end":{"line":6,"column":11}},"loc":{"start":{"line":6,"column":31},"end":{"line":14,"column":5}}},"2":{"name":"(anonymous_3)","decl":{"start":{"line":16,"column":4},"end":{"line":16,"column":11}},"loc":{"start":{"line":16,"column":21},"end":{"line":18,"column":5}}},"3":{"name":"(anonymous_4)","decl":{"start":{"line":20,"column":4},"end":{"line":20,"column":11}},"loc":{"start":{"line":20,"column":21},"end":{"line":22,"column":5}}}},"branchMap":{"0":{"loc":{"start":{"line":7,"column":8},"end":{"line":10,"column":null}},"type":"if","locations":[{"start":{"line":7,"column":8},"end":{"line":10,"column":null}},{"start":{"line":7,"column":8},"end":{"line":10,"column":null}}]}},"s":{"0":1,"1":1,"2":1,"3":1,"4":1,"5":0,"6":0,"7":1,"8":1,"9":1,"10":1,"11":1,"12":1,"13":1,"14":1},"f":{"0":2,"1":1,"2":1,"3":1},"b":{"0":[0,1]}}
,"/home/saroj/projects/web/ase/typescript-practice/src/saroj/mazerunner/MazeRunner.ts": {"path":"/home/saroj/projects/web/ase/typescript-practice/src/saroj/mazerunner/MazeRunner.ts","statementMap":{"0":{"start":{"line":3,"column":0},"end":{"line":3,"column":null}},"1":{"start":{"line":13,"column":8},"end":{"line":13,"column":25}},"2":{"start":{"line":14,"column":8},"end":{"line":14,"column":39}},"3":{"start":{"line":15,"column":8},"end":{"line":15,"column":35}},"4":{"start":{"line":16,"column":8},"end":{"line":16,"column":33}},"5":{"start":{"line":18,"column":8},"end":{"line":18,"column":29}},"6":{"start":{"line":19,"column":8},"end":{"line":22,"column":null}},"7":{"start":{"line":25,"column":4},"end":{"line":35,"column":null}},"8":{"start":{"line":26,"column":8},"end":{"line":33,"column":null}},"9":{"start":{"line":26,"column":21},"end":{"line":26,"column":22}},"10":{"start":{"line":27,"column":12},"end":{"line":32,"column":null}},"11":{"start":{"line":27,"column":25},"end":{"line":27,"column":26}},"12":{"start":{"line":28,"column":16},"end":{"line":31,"column":null}},"13":{"start":{"line":29,"column":20},"end":{"line":29,"column":51}},"14":{"start":{"line":30,"column":20},"end":{"line":30,"column":27}},"15":{"start":{"line":34,"column":8},"end":{"line":34,"column":null}},"16":{"start":{"line":37,"column":4},"end":{"line":39,"column":null}},"17":{"start":{"line":38,"column":8},"end":{"line":38,"column":29}},"18":{"start":{"line":41,"column":4},"end":{"line":44,"column":null}},"19":{"start":{"line":42,"column":8},"end":{"line":42,"column":37}},"20":{"start":{"line":43,"column":8},"end":{"line":43,"column":20}},"21":{"start":{"line":46,"column":4},"end":{"line":70,"column":null}},"22":{"start":{"line":47,"column":8},"end":{"line":47,"column":32}},"23":{"start":{"line":48,"column":8},"end":{"line":68,"column":null}},"24":{"start":{"line":48,"column":24},"end":{"line":48,"column":28}},"25":{"start":{"line":48,"column":24},"end":{"line":48,"column":39}},"26":{"start":{"line":48,"column":20},"end":{"line":48,"column":24}},"27":{"start":{"line":49,"column":12},"end":{"line":62,"column":null}},"28":{"start":{"line":51,"column":20},"end":{"line":51,"column":41}},"29":{"start":{"line":52,"column":20},"end":{"line":52,"column":26}},"30":{"start":{"line":54,"column":20},"end":{"line":54,"column":41}},"31":{"start":{"line":55,"column":20},"end":{"line":55,"column":26}},"32":{"start":{"line":57,"column":20},"end":{"line":57,"column":41}},"33":{"start":{"line":58,"column":20},"end":{"line":58,"column":26}},"34":{"start":{"line":60,"column":20},"end":{"line":60,"column":41}},"35":{"start":{"line":61,"column":20},"end":{"line":61,"column":26}},"36":{"start":{"line":63,"column":12},"end":{"line":67,"column":null}},"37":{"start":{"line":63,"column":79},"end":{"line":63,"column":null}},"38":{"start":{"line":64,"column":17},"end":{"line":67,"column":null}},"39":{"start":{"line":67,"column":16},"end":{"line":67,"column":null}},"40":{"start":{"line":69,"column":8},"end":{"line":69,"column":22}},"41":{"start":{"line":71,"column":0},"end":{"line":71,"column":null}}},"fnMap":{"0":{"name":"(anonymous_0)","decl":{"start":{"line":3,"column":0},"end":{"line":3,"column":null}},"loc":{"start":{"line":3,"column":0},"end":{"line":71,"column":null}}},"1":{"name":"MazeRunner","decl":{"start":{"line":12,"column":4},"end":{"line":12,"column":16}},"loc":{"start":{"line":12,"column":90},"end":{"line":23,"column":5}}},"2":{"name":"(anonymous_2)","decl":{"start":{"line":25,"column":4},"end":{"line":25,"column":20}},"loc":{"start":{"line":25,"column":4},"end":{"line":35,"column":5}}},"3":{"name":"(anonymous_3)","decl":{"start":{"line":37,"column":4},"end":{"line":37,"column":20}},"loc":{"start":{"line":37,"column":4},"end":{"line":39,"column":5}}},"4":{"name":"(anonymous_4)","decl":{"start":{"line":41,"column":4},"end":{"line":41,"column":7}},"loc":{"start":{"line":41,"column":28},"end":{"line":44,"column":5}}},"5":{"name":"(anonymous_5)","decl":{"start":{"line":46,"column":4},"end":{"line":46,"column":7}},"loc":{"start":{"line":46,"column":4},"end":{"line":70,"column":5}}}},"branchMap":{"0":{"loc":{"start":{"line":28,"column":16},"end":{"line":31,"column":null}},"type":"if","locations":[{"start":{"line":28,"column":16},"end":{"line":31,"column":null}},{"start":{"line":28,"column":16},"end":{"line":31,"column":null}}]},"1":{"loc":{"start":{"line":50,"column":16},"end":{"line":52,"column":26}},"type":"switch","locations":[{"start":{"line":50,"column":16},"end":{"line":52,"column":26}},{"start":{"line":53,"column":16},"end":{"line":55,"column":26}},{"start":{"line":56,"column":16},"end":{"line":58,"column":26}},{"start":{"line":59,"column":16},"end":{"line":61,"column":26}}]},"2":{"loc":{"start":{"line":63,"column":12},"end":{"line":67,"column":null}},"type":"if","locations":[{"start":{"line":63,"column":12},"end":{"line":67,"column":null}},{"start":{"line":63,"column":12},"end":{"line":67,"column":null}}]},"3":{"loc":{"start":{"line":64,"column":17},"end":{"line":67,"column":null}},"type":"if","locations":[{"start":{"line":64,"column":17},"end":{"line":67,"column":null}},{"start":{"line":64,"column":17},"end":{"line":67,"column":null}}]},"4":{"loc":{"start":{"line":64,"column":21},"end":{"line":64,"column":40}},"type":"binary-expr","locations":[{"start":{"line":64,"column":21},"end":{"line":64,"column":40}},{"start":{"line":64,"column":44},"end":{"line":64,"column":79}},{"start":{"line":65,"column":16},"end":{"line":65,"column":35}},{"start":{"line":65,"column":39},"end":{"line":65,"column":74}},{"start":{"line":66,"column":16},"end":{"line":66,"column":76}}]}},"s":{"0":1,"1":1,"2":1,"3":1,"4":1,"5":1,"6":1,"7":1,"8":1,"9":1,"10":7,"11":7,"12":44,"13":1,"14":1,"15":0,"16":1,"17":0,"18":1,"19":1,"20":1,"21":1,"22":1,"23":1,"24":1,"25":1,"26":10,"27":10,"28":5,"29":5,"30":0,"31":0,"32":5,"33":5,"34":0,"35":0,"36":10,"37":1,"38":9,"39":0,"40":0,"41":1},"f":{"0":1,"1":1,"2":1,"3":0,"4":1,"5":1},"b":{"0":[1,43],"1":[5,0,5,0],"2":[1,9],"3":[0,9],"4":[9,9,9,9,9]}}
,"/home/saroj/projects/web/ase/typescript-practice/src/saroj/number/Number.ts": {"path":"/home/saroj/projects/web/ase/typescript-practice/src/saroj/number/Number.ts","statementMap":{"0":{"start":{"line":1,"column":0},"end":{"line":1,"column":null}},"1":{"start":{"line":3,"column":4},"end":{"line":3,"column":58}},"2":{"start":{"line":6,"column":8},"end":{"line":6,"column":26}},"3":{"start":{"line":9,"column":12},"end":{"line":36,"column":null}},"4":{"start":{"line":10,"column":20},"end":{"line":10,"column":32}},"5":{"start":{"line":11,"column":20},"end":{"line":11,"column":40}},"6":{"start":{"line":12,"column":8},"end":{"line":35,"column":null}},"7":{"start":{"line":14,"column":16},"end":{"line":14,"column":39}},"8":{"start":{"line":16,"column":16},"end":{"line":16,"column":57}},"9":{"start":{"line":18,"column":16},"end":{"line":18,"column":75}},"10":{"start":{"line":20,"column":16},"end":{"line":20,"column":61}},"11":{"start":{"line":22,"column":16},"end":{"line":22,"column":43}},"12":{"start":{"line":24,"column":16},"end":{"line":24,"column":61}},"13":{"start":{"line":26,"column":16},"end":{"line":26,"column":79}},"14":{"start":{"line":28,"column":16},"end":{"line":28,"column":97}},"15":{"start":{"line":30,"column":16},"end":{"line":30,"column":61}},"16":{"start":{"line":32,"column":16},"end":{"line":32,"column":43}},"17":{"start":{"line":34,"column":16},"end":{"line":34,"column":null}},"18":{"start":{"line":38,"column":11},"end":{"line":46,"column":null}},"19":{"start":{"line":39,"column":20},"end":{"line":39,"column":33}},"20":{"start":{"line":40,"column":30},"end":{"line":40,"column":40}},"21":{"start":{"line":41,"column":30},"end":{"line":41,"column":32}},"22":{"start":{"line":42,"column":8},"end":{"line":44,"column":null}},"23":{"start":{"line":42,"column":28},"end":{"line":42,"column":29}},"24":{"start":{"line":43,"column":12},"end":{"line":43,"column":71}},"25":{"start":{"line":45,"column":8},"end":{"line":45,"column":21}},"26":{"start":{"line":48,"column":11},"end":{"line":54,"column":null}},"27":{"start":{"line":48,"column":4},"end":{"line":48,"column":11}},"28":{"start":{"line":49,"column":28},"end":{"line":49,"column":30}},"29":{"start":{"line":50,"column":8},"end":{"line":52,"column":11}},"30":{"start":{"line":51,"column":12},"end":{"line":51,"column":44}},"31":{"start":{"line":53,"column":8},"end":{"line":53,"column":37}},"32":{"start":{"line":55,"column":0},"end":{"line":55,"column":null}},"33":{"start":{"line":57,"column":0},"end":{"line":57,"column":22}}},"fnMap":{"0":{"name":"(anonymous_0)","decl":{"start":{"line":1,"column":0},"end":{"line":1,"column":null}},"loc":{"start":{"line":1,"column":0},"end":{"line":55,"column":null}}},"1":{"name":"Number","decl":{"start":{"line":5,"column":4},"end":{"line":5,"column":16}},"loc":{"start":{"line":5,"column":30},"end":{"line":7,"column":5}}},"2":{"name":"(anonymous_2)","decl":{"start":{"line":9,"column":4},"end":{"line":9,"column":12}},"loc":{"start":{"line":9,"column":39},"end":{"line":36,"column":5}}},"3":{"name":"(anonymous_3)","decl":{"start":{"line":38,"column":4},"end":{"line":38,"column":11}},"loc":{"start":{"line":38,"column":4},"end":{"line":46,"column":5}}},"4":{"name":"(anonymous_4)","decl":{"start":{"line":48,"column":4},"end":{"line":48,"column":11}},"loc":{"start":{"line":48,"column":4},"end":{"line":54,"column":5}}},"5":{"name":"(anonymous_5)","decl":{"start":{"line":50,"column":34},"end":{"line":50,"column":38}},"loc":{"start":{"line":50,"column":38},"end":{"line":52,"column":9}}}},"branchMap":{"0":{"loc":{"start":{"line":13,"column":12},"end":{"line":14,"column":39}},"type":"switch","locations":[{"start":{"line":13,"column":12},"end":{"line":14,"column":39}},{"start":{"line":15,"column":12},"end":{"line":16,"column":57}},{"start":{"line":17,"column":12},"end":{"line":18,"column":75}},{"start":{"line":19,"column":12},"end":{"line":20,"column":61}},{"start":{"line":21,"column":12},"end":{"line":22,"column":43}},{"start":{"line":23,"column":12},"end":{"line":24,"column":61}},{"start":{"line":25,"column":12},"end":{"line":26,"column":79}},{"start":{"line":27,"column":12},"end":{"line":28,"column":97}},{"start":{"line":29,"column":12},"end":{"line":30,"column":61}},{"start":{"line":31,"column":12},"end":{"line":32,"column":43}},{"start":{"line":33,"column":12},"end":{"line":34,"column":null}}]},"1":{"loc":{"start":{"line":53,"column":25},"end":{"line":53,"column":30}},"type":"cond-expr","locations":[{"start":{"line":53,"column":25},"end":{"line":53,"column":30}},{"start":{"line":53,"column":33},"end":{"line":53,"column":36}}]}},"s":{"0":1,"1":1,"2":1,"3":1,"4":1,"5":1,"6":1,"7":0,"8":0,"9":1,"10":0,"11":0,"12":0,"13":0,"14":0,"15":0,"16":0,"17":0,"18":1,"19":1,"20":1,"21":1,"22":1,"23":1,"24":1,"25":1,"26":1,"27":1,"28":1,"29":1,"30":1,"31":1,"32":1,"33":1},"f":{"0":1,"1":1,"2":1,"3":1,"4":1,"5":1},"b":{"0":[0,0,1,0,0,0,0,0,0,0,0],"1":[1,0]}}
,"/home/saroj/projects/web/ase/typescript-practice/src/saroj/statement/Statement.ts": {"path":"/home/saroj/projects/web/ase/typescript-practice/src/saroj/statement/Statement.ts","statementMap":{"0":{"start":{"line":1,"column":0},"end":{"line":1,"column":null}},"1":{"start":{"line":6,"column":8},"end":{"line":6,"column":26}},"2":{"start":{"line":9,"column":4},"end":{"line":12,"column":null}},"3":{"start":{"line":10,"column":8},"end":{"line":10,"column":28}},"4":{"start":{"line":11,"column":8},"end":{"line":11,"column":20}},"5":{"start":{"line":14,"column":4},"end":{"line":35,"column":null}},"6":{"start":{"line":15,"column":26},"end":{"line":15,"column":27}},"7":{"start":{"line":16,"column":27},"end":{"line":16,"column":28}},"8":{"start":{"line":17,"column":31},"end":{"line":17,"column":32}},"9":{"start":{"line":18,"column":32},"end":{"line":18,"column":34}},"10":{"start":{"line":19,"column":8},"end":{"line":33,"column":11}},"11":{"start":{"line":20,"column":12},"end":{"line":20,"column":31}},"12":{"start":{"line":20,"column":24},"end":{"line":20,"column":31}},"13":{"start":{"line":21,"column":34},"end":{"line":21,"column":50}},"14":{"start":{"line":22,"column":35},"end":{"line":22,"column":43}},"15":{"start":{"line":23,"column":32},"end":{"line":23,"column":40}},"16":{"start":{"line":24,"column":33},"end":{"line":24,"column":41}},"17":{"start":{"line":25,"column":12},"end":{"line":29,"column":null}},"18":{"start":{"line":26,"column":16},"end":{"line":26,"column":42}},"19":{"start":{"line":27,"column":16},"end":{"line":27,"column":27}},"20":{"start":{"line":28,"column":16},"end":{"line":28,"column":23}},"21":{"start":{"line":30,"column":12},"end":{"line":32,"column":55}},"22":{"start":{"line":31,"column":16},"end":{"line":31,"column":53}},"23":{"start":{"line":32,"column":17},"end":{"line":32,"column":55}},"24":{"start":{"line":34,"column":8},"end":{"line":34,"column":134}},"25":{"start":{"line":37,"column":0},"end":{"line":37,"column":null}}},"fnMap":{"0":{"name":"(anonymous_0)","decl":{"start":{"line":1,"column":0},"end":{"line":1,"column":null}},"loc":{"start":{"line":1,"column":0},"end":{"line":37,"column":null}}},"1":{"name":"Statement","decl":{"start":{"line":5,"column":4},"end":{"line":5,"column":null}},"loc":{"start":{"line":5,"column":4},"end":{"line":7,"column":5}}},"2":{"name":"(anonymous_2)","decl":{"start":{"line":9,"column":4},"end":{"line":9,"column":7}},"loc":{"start":{"line":9,"column":19},"end":{"line":12,"column":5}}},"3":{"name":"(anonymous_3)","decl":{"start":{"line":14,"column":4},"end":{"line":14,"column":13}},"loc":{"start":{"line":14,"column":4},"end":{"line":35,"column":5}}},"4":{"name":"(anonymous_4)","decl":{"start":{"line":19,"column":41},"end":{"line":19,"column":46}},"loc":{"start":{"line":19,"column":46},"end":{"line":33,"column":9}}}},"branchMap":{"0":{"loc":{"start":{"line":20,"column":12},"end":{"line":20,"column":31}},"type":"if","locations":[{"start":{"line":20,"column":12},"end":{"line":20,"column":31}},{"start":{"line":20,"column":12},"end":{"line":20,"column":31}}]},"1":{"loc":{"start":{"line":25,"column":12},"end":{"line":29,"column":null}},"type":"if","locations":[{"start":{"line":25,"column":12},"end":{"line":29,"column":null}},{"start":{"line":25,"column":12},"end":{"line":29,"column":null}}]},"2":{"loc":{"start":{"line":25,"column":16},"end":{"line":25,"column":41}},"type":"binary-expr","locations":[{"start":{"line":25,"column":16},"end":{"line":25,"column":41}},{"start":{"line":25,"column":45},"end":{"line":25,"column":58}},{"start":{"line":25,"column":62},"end":{"line":25,"column":69}}]},"3":{"loc":{"start":{"line":30,"column":12},"end":{"line":32,"column":55}},"type":"if","locations":[{"start":{"line":30,"column":12},"end":{"line":32,"column":55}},{"start":{"line":30,"column":12},"end":{"line":32,"column":55}}]},"4":{"loc":{"start":{"line":34,"column":83},"end":{"line":34,"column":125}},"type":"cond-expr","locations":[{"start":{"line":34,"column":83},"end":{"line":34,"column":125}},{"start":{"line":34,"column":129},"end":{"line":34,"column":131}}]}},"s":{"0":1,"1":1,"2":1,"3":2,"4":2,"5":1,"6":2,"7":2,"8":2,"9":2,"10":2,"11":8,"12":0,"13":8,"14":8,"15":8,"16":8,"17":8,"18":2,"19":2,"20":2,"21":6,"22":2,"23":4,"24":2,"25":1},"f":{"0":1,"1":1,"2":2,"3":2,"4":8},"b":{"0":[0,8],"1":[2,6],"2":[8,7,7],"3":[2,4],"4":[2,0]}}
}
