TN:
SF:/media/nischal/Ubuntu/leapfrog/typescript-practice/src/codewars/alpha-numeric-sorting/alpha-numeric-sorting.ts
FN:1,(anonymous_0)
FN:2,(anonymous_2)
FN:4,(anonymous_3)
FNF:3
FNH:3
FNDA:2,(anonymous_0)
FNDA:3,(anonymous_2)
FNDA:18,(anonymous_3)
DA:1,1
DA:2,1
DA:3,3
DA:5,18
DA:8,1
LF:5
LH:5
BRF:0
BRH:0
end_of_record
TN:
SF:/media/nischal/Ubuntu/leapfrog/typescript-practice/src/hackerrank/birthday-candle/birthday-candle.ts
FN:1,(anonymous_0)
FN:21,(anonymous_2)
FN:3,(anonymous_3)
FN:5,(anonymous_4)
FN:13,(anonymous_5)
FN:17,(anonymous_6)
FNF:6
FNH:6
FNDA:6,(anonymous_0)
FNDA:100,(anonymous_2)
FNDA:2,(anonymous_3)
FNDA:10,(anonymous_4)
FNDA:4,(anonymous_5)
FNDA:110,(anonymous_6)
DA:1,1
DA:3,2
DA:4,2
DA:5,1
DA:6,10
DA:9,1
DA:13,1
DA:14,4
DA:17,1
DA:18,110
DA:21,100
DA:22,1
LF:12
LH:12
BRDA:21,0,0,12
BRDA:21,0,1,88
BRDA:4,1,0,1
BRDA:4,1,1,1
BRDA:18,2,0,11
BRDA:18,2,1,99
BRF:6
BRH:6
end_of_record
