TN:
SF:/home/saroj/projects/web/ase/typescript-practice/src/nischal/codewars/alpha-numeric-sorting/alpha-numeric-sorting.ts
FN:1,(anonymous_0)
FN:2,(anonymous_2)
FN:4,(anonymous_3)
FNF:3
FNH:3
FNDA:2,(anonymous_0)
FNDA:3,(anonymous_2)
FNDA:18,(anonymous_3)
DA:1,1
DA:2,1
DA:3,3
DA:5,18
DA:8,1
LF:5
LH:5
BRF:0
BRH:0
end_of_record
TN:
SF:/home/saroj/projects/web/ase/typescript-practice/src/nischal/hackerrank/birthday-candle/birthday-candle.ts
FN:1,(anonymous_0)
FN:21,(anonymous_2)
FN:3,(anonymous_3)
FN:5,(anonymous_4)
FN:13,(anonymous_5)
FN:17,(anonymous_6)
FNF:6
FNH:6
FNDA:6,(anonymous_0)
FNDA:100,(anonymous_2)
FNDA:2,(anonymous_3)
FNDA:10,(anonymous_4)
FNDA:4,(anonymous_5)
FNDA:110,(anonymous_6)
DA:1,1
DA:3,2
DA:4,2
DA:5,1
DA:6,10
DA:9,1
DA:13,1
DA:14,4
DA:17,1
DA:18,110
DA:21,100
DA:22,1
LF:12
LH:12
BRDA:21,0,0,12
BRDA:21,0,1,88
BRDA:4,1,0,1
BRDA:4,1,1,1
BRDA:18,2,0,11
BRDA:18,2,1,99
BRF:6
BRH:6
end_of_record
TN:
SF:/home/saroj/projects/web/ase/typescript-practice/src/saroj/dsa/Map.ts
FN:1,(anonymous_0)
FN:6,(anonymous_2)
FN:16,(anonymous_3)
FN:20,(anonymous_4)
FNF:4
FNH:4
FNDA:2,(anonymous_0)
FNDA:1,(anonymous_2)
FNDA:1,(anonymous_3)
FNDA:1,(anonymous_4)
DA:1,1
DA:3,1
DA:4,1
DA:6,1
DA:7,1
DA:8,0
DA:9,0
DA:11,1
DA:12,1
DA:13,1
DA:16,1
DA:17,1
DA:20,1
DA:21,1
DA:24,1
LF:15
LH:13
BRDA:7,0,0,0
BRDA:7,0,1,1
BRF:2
BRH:1
end_of_record
TN:
SF:/home/saroj/projects/web/ase/typescript-practice/src/saroj/mazerunner/MazeRunner.ts
FN:3,(anonymous_0)
FN:12,MazeRunner
FN:25,(anonymous_2)
FN:37,(anonymous_3)
FN:41,(anonymous_4)
FN:46,(anonymous_5)
FNF:6
FNH:5
FNDA:1,(anonymous_0)
FNDA:1,MazeRunner
FNDA:1,(anonymous_2)
FNDA:0,(anonymous_3)
FNDA:1,(anonymous_4)
FNDA:1,(anonymous_5)
DA:3,1
DA:13,1
DA:14,1
DA:15,1
DA:16,1
DA:18,1
DA:19,1
DA:25,1
DA:26,1
DA:27,7
DA:28,44
DA:29,1
DA:30,1
DA:34,0
DA:37,1
DA:38,0
DA:41,1
DA:42,1
DA:43,1
DA:46,1
DA:47,1
DA:48,10
DA:49,10
DA:51,5
DA:52,5
DA:54,0
DA:55,0
DA:57,5
DA:58,5
DA:60,0
DA:61,0
DA:63,10
DA:64,9
DA:67,0
DA:69,0
DA:71,1
LF:36
LH:28
BRDA:28,0,0,1
BRDA:28,0,1,43
BRDA:50,1,0,5
BRDA:50,1,1,0
BRDA:50,1,2,5
BRDA:50,1,3,0
BRDA:63,2,0,1
BRDA:63,2,1,9
BRDA:64,3,0,0
BRDA:64,3,1,9
BRDA:64,4,0,9
BRDA:64,4,1,9
BRDA:64,4,2,9
BRDA:64,4,3,9
BRDA:64,4,4,9
BRF:15
BRH:12
end_of_record
TN:
SF:/home/saroj/projects/web/ase/typescript-practice/src/saroj/number/Number.ts
FN:1,(anonymous_0)
FN:5,Number
FN:9,(anonymous_2)
FN:38,(anonymous_3)
FN:48,(anonymous_4)
FN:50,(anonymous_5)
FNF:6
FNH:6
FNDA:1,(anonymous_0)
FNDA:1,Number
FNDA:1,(anonymous_2)
FNDA:1,(anonymous_3)
FNDA:1,(anonymous_4)
FNDA:1,(anonymous_5)
DA:1,1
DA:3,1
DA:6,1
DA:9,1
DA:10,1
DA:11,1
DA:12,1
DA:14,0
DA:16,0
DA:18,1
DA:20,0
DA:22,0
DA:24,0
DA:26,0
DA:28,0
DA:30,0
DA:32,0
DA:34,0
DA:38,1
DA:39,1
DA:40,1
DA:41,1
DA:42,1
DA:43,1
DA:45,1
DA:48,1
DA:49,1
DA:50,1
DA:51,1
DA:53,1
DA:55,1
DA:57,1
LF:32
LH:22
BRDA:13,0,0,0
BRDA:13,0,1,0
BRDA:13,0,2,1
BRDA:13,0,3,0
BRDA:13,0,4,0
BRDA:13,0,5,0
BRDA:13,0,6,0
BRDA:13,0,7,0
BRDA:13,0,8,0
BRDA:13,0,9,0
BRDA:13,0,10,0
BRDA:53,1,0,1
BRDA:53,1,1,0
BRF:13
BRH:2
end_of_record
TN:
SF:/home/saroj/projects/web/ase/typescript-practice/src/saroj/statement/Statement.ts
FN:1,(anonymous_0)
FN:5,Statement
FN:9,(anonymous_2)
FN:14,(anonymous_3)
FN:19,(anonymous_4)
FNF:5
FNH:5
FNDA:1,(anonymous_0)
FNDA:1,Statement
FNDA:2,(anonymous_2)
FNDA:2,(anonymous_3)
FNDA:8,(anonymous_4)
DA:1,1
DA:6,1
DA:9,1
DA:10,2
DA:11,2
DA:14,1
DA:15,2
DA:16,2
DA:17,2
DA:18,2
DA:19,2
DA:20,8
DA:21,8
DA:22,8
DA:23,8
DA:24,8
DA:25,8
DA:26,2
DA:27,2
DA:28,2
DA:30,6
DA:31,2
DA:32,4
DA:34,2
DA:37,1
LF:25
LH:25
BRDA:20,0,0,0
BRDA:20,0,1,8
BRDA:25,1,0,2
BRDA:25,1,1,6
BRDA:25,2,0,8
BRDA:25,2,1,7
BRDA:25,2,2,7
BRDA:30,3,0,2
BRDA:30,3,1,4
BRDA:34,4,0,2
BRDA:34,4,1,0
BRF:11
BRH:9
end_of_record
